#
# There is insufficient memory for the Java Runtime Environment to continue.
# Native memory allocation (malloc) failed to allocate 3711856 bytes for Chunk::new
# Possible reasons:
#   The system is out of physical RAM or swap space
#   In 32 bit mode, the process size limit was hit
# Possible solutions:
#   Reduce memory load on the system
#   Increase physical memory or swap space
#   Check if swap backing store is full
#   Use 64 bit Java on a 64 bit OS
#   Decrease Java heap size (-Xmx/-Xms)
#   Decrease number of Java threads
#   Decrease Java thread stack sizes (-Xss)
#   Set larger code cache with -XX:ReservedCodeCacheSize=
# This output file may be truncated or incomplete.
#
#  Out of Memory Error (allocation.cpp:390), pid=12152, tid=0x00000000000020bc
#
# JRE version: OpenJDK Runtime Environment (8.0_152-b02) (build 1.8.0_152-release-1024-b02)
# Java VM: OpenJDK 64-Bit Server VM (25.152-b02 mixed mode windows-amd64 compressed oops)
# Failed to write core dump. Minidumps are not enabled by default on client versions of Windows
#

---------------  T H R E A D  ---------------

Current thread (0x0000000014d7b800):  JavaThread "C2 CompilerThread0" daemon [_thread_in_native, id=8380, stack(0x00000000163f0000,0x00000000164f0000)]

Stack: [0x00000000163f0000,0x00000000164f0000]
[error occurred during error reporting (printing stack bounds), id 0xc0000005]

Native frames: (J=compiled Java code, j=interpreted, Vv=VM code, C=native code)


Current CompileTask:
C2:  16182 1011 %     4       org.objectweb.asm.ClassReader::readCode @ 74 (3575 bytes)


---------------  P R O C E S S  ---------------

Java Threads: ( => current thread )
  0x0000000014dcb800 JavaThread "Service Thread" daemon [_thread_blocked, id=10496, stack(0x00000000166f0000,0x00000000167f0000)]
  0x0000000014d83000 JavaThread "C1 CompilerThread2" daemon [_thread_blocked, id=7156, stack(0x00000000165f0000,0x00000000166f0000)]
  0x0000000014d7f800 JavaThread "C2 CompilerThread1" daemon [_thread_blocked, id=13172, stack(0x00000000164f0000,0x00000000165f0000)]
=>0x0000000014d7b800 JavaThread "C2 CompilerThread0" daemon [_thread_in_native, id=8380, stack(0x00000000163f0000,0x00000000164f0000)]
  0x0000000014d8a800 JavaThread "Attach Listener" daemon [_thread_blocked, id=2960, stack(0x00000000162f0000,0x00000000163f0000)]
  0x0000000014d89000 JavaThread "Signal Dispatcher" daemon [_thread_blocked, id=11744, stack(0x00000000161f0000,0x00000000162f0000)]
  0x0000000004a1e000 JavaThread "Finalizer" daemon [_thread_blocked, id=10256, stack(0x0000000015ff0000,0x00000000160f0000)]
  0x0000000004a14800 JavaThread "Reference Handler" daemon [_thread_blocked, id=9940, stack(0x0000000015ef0000,0x0000000015ff0000)]
  0x0000000004924000 JavaThread "main" [_thread_in_native, id=11784, stack(0x0000000004820000,0x0000000004920000)]

Other Threads:
  0x0000000014d45000 VMThread [stack: 0x0000000015df0000,0x0000000015ef0000] [id=1992]
  0x0000000014dd5800 WatcherThread [stack: 0x00000000167f0000,0x00000000168f0000] [id=3880]

VM state:not at safepoint (normal execution)

VM Mutex/Monitor currently owned by a thread: None

Heap:
 PSYoungGen      total 18944K, used 5247K [0x00000000feb00000, 0x0000000100000000, 0x0000000100000000)
  eden space 16384K, 16% used [0x00000000feb00000,0x00000000feda3358,0x00000000ffb00000)
  from space 2560K, 99% used [0x00000000ffb00000,0x00000000ffd7cc10,0x00000000ffd80000)
  to   space 2560K, 0% used [0x00000000ffd80000,0x00000000ffd80000,0x0000000100000000)
 ParOldGen       total 44032K, used 6002K [0x00000000fc000000, 0x00000000feb00000, 0x00000000feb00000)
  object space 44032K, 13% used [0x00000000fc000000,0x00000000fc5dcaa0,0x00000000feb00000)
 Metaspace       used 8850K, capacity 9228K, committed 9344K, reserved 1056768K
  class space    used 1016K, capacity 1138K, committed 1152K, reserved 1048576K

Card table byte_map: [0x0000000002e30000,0x0000000002e60000] byte_map_base: 0x0000000002650000

Marking Bits: (ParMarkBitMap*) 0x00000000667c4970
 Begin Bits: [0x00000000141e0000, 0x00000000142e0000)
 End Bits:   [0x00000000142e0000, 0x00000000143e0000)

Polling page: 0x0000000002930000

CodeCache: size=245760Kb used=4363Kb max_used=4381Kb free=241396Kb
 bounds [0x0000000004a20000, 0x0000000004e70000, 0x0000000013a20000]
 total_blobs=1543 nmethods=1210 adapters=246
 compilation: enabled

Compilation events (10 events):
Event: 15.836 Thread 0x0000000014d83000 1198       3       com.google.devtools.build.android.desugar.CloseResourceMethodScanner::visit (41 bytes)
Event: 15.837 Thread 0x0000000014d83000 nmethod 1198 0x0000000004e4e5d0 code [0x0000000004e4e780, 0x0000000004e4ed78]
Event: 15.837 Thread 0x0000000014d83000 1199       3       com.google.devtools.build.android.desugar.InterfaceDesugaring::visitEnd (40 bytes)
Event: 15.837 Thread 0x0000000014d83000 nmethod 1199 0x0000000004e4f0d0 code [0x0000000004e4f280, 0x0000000004e4f758]
Event: 15.899 Thread 0x0000000014d83000 1200       3       org.objectweb.asm.ClassReader::readAnnotationValue (1211 bytes)
Event: 15.905 Thread 0x0000000014d83000 nmethod 1200 0x0000000004e4f8d0 code [0x0000000004e4ffa0, 0x0000000004e55038]
Event: 15.924 Thread 0x0000000014d83000 1201   !   3       sun.nio.fs.WindowsFileSystemProvider::checkReadAccess (48 bytes)
Event: 15.924 Thread 0x0000000014d83000 nmethod 1201 0x0000000004e59050 code [0x0000000004e59220, 0x0000000004e59838]
Event: 15.939 Thread 0x0000000014d83000 1202       3       com.google.common.collect.ImmutableSet::of (4 bytes)
Event: 15.940 Thread 0x0000000014d83000 nmethod 1202 0x0000000004e59b50 code [0x0000000004e59ca0, 0x0000000004e59dd0]

GC Heap History (6 events):
Event: 9.696 GC heap before
{Heap before GC invocations=1 (full 0):
 PSYoungGen      total 18944K, used 16384K [0x00000000feb00000, 0x0000000100000000, 0x0000000100000000)
  eden space 16384K, 100% used [0x00000000feb00000,0x00000000ffb00000,0x00000000ffb00000)
  from space 2560K, 0% used [0x00000000ffd80000,0x00000000ffd80000,0x0000000100000000)
  to   space 2560K, 0% used [0x00000000ffb00000,0x00000000ffb00000,0x00000000ffd80000)
 ParOldGen       total 44032K, used 0K [0x00000000fc000000, 0x00000000feb00000, 0x00000000feb00000)
  object space 44032K, 0% used [0x00000000fc000000,0x00000000fc000000,0x00000000feb00000)
 Metaspace       used 6683K, capacity 6866K, committed 7040K, reserved 1056768K
  class space    used 791K, capacity 871K, committed 896K, reserved 1048576K
Event: 9.702 GC heap after
Heap after GC invocations=1 (full 0):
 PSYoungGen      total 18944K, used 2528K [0x00000000feb00000, 0x0000000100000000, 0x0000000100000000)
  eden space 16384K, 0% used [0x00000000feb00000,0x00000000feb00000,0x00000000ffb00000)
  from space 2560K, 98% used [0x00000000ffb00000,0x00000000ffd78030,0x00000000ffd80000)
  to   space 2560K, 0% used [0x00000000ffd80000,0x00000000ffd80000,0x0000000100000000)
 ParOldGen       total 44032K, used 1454K [0x00000000fc000000, 0x00000000feb00000, 0x00000000feb00000)
  object space 44032K, 3% used [0x00000000fc000000,0x00000000fc16b990,0x00000000feb00000)
 Metaspace       used 6683K, capacity 6866K, committed 7040K, reserved 1056768K
  class space    used 791K, capacity 871K, committed 896K, reserved 1048576K
}
Event: 10.640 GC heap before
{Heap before GC invocations=2 (full 0):
 PSYoungGen      total 18944K, used 18912K [0x00000000feb00000, 0x0000000100000000, 0x0000000100000000)
  eden space 16384K, 100% used [0x00000000feb00000,0x00000000ffb00000,0x00000000ffb00000)
  from space 2560K, 98% used [0x00000000ffb00000,0x00000000ffd78030,0x00000000ffd80000)
  to   space 2560K, 0% used [0x00000000ffd80000,0x00000000ffd80000,0x0000000100000000)
 ParOldGen       total 44032K, used 1454K [0x00000000fc000000, 0x00000000feb00000, 0x00000000feb00000)
  object space 44032K, 3% used [0x00000000fc000000,0x00000000fc16b990,0x00000000feb00000)
 Metaspace       used 7429K, capacity 7648K, committed 7936K, reserved 1056768K
  class space    used 870K, capacity 938K, committed 1024K, reserved 1048576K
Event: 10.646 GC heap after
Heap after GC invocations=2 (full 0):
 PSYoungGen      total 18944K, used 2556K [0x00000000feb00000, 0x0000000100000000, 0x0000000100000000)
  eden space 16384K, 0% used [0x00000000feb00000,0x00000000feb00000,0x00000000ffb00000)
  from space 2560K, 99% used [0x00000000ffd80000,0x00000000fffff118,0x0000000100000000)
  to   space 2560K, 0% used [0x00000000ffb00000,0x00000000ffb00000,0x00000000ffd80000)
 ParOldGen       total 44032K, used 5069K [0x00000000fc000000, 0x00000000feb00000, 0x00000000feb00000)
  object space 44032K, 11% used [0x00000000fc000000,0x00000000fc4f3718,0x00000000feb00000)
 Metaspace       used 7429K, capacity 7648K, committed 7936K, reserved 1056768K
  class space    used 870K, capacity 938K, committed 1024K, reserved 1048576K
}
Event: 15.297 GC heap before
{Heap before GC invocations=3 (full 0):
 PSYoungGen      total 18944K, used 18940K [0x00000000feb00000, 0x0000000100000000, 0x0000000100000000)
  eden space 16384K, 100% used [0x00000000feb00000,0x00000000ffb00000,0x00000000ffb00000)
  from space 2560K, 99% used [0x00000000ffd80000,0x00000000fffff118,0x0000000100000000)
  to   space 2560K, 0% used [0x00000000ffb00000,0x00000000ffb00000,0x00000000ffd80000)
 ParOldGen       total 44032K, used 5069K [0x00000000fc000000, 0x00000000feb00000, 0x00000000feb00000)
  object space 44032K, 11% used [0x00000000fc000000,0x00000000fc4f3718,0x00000000feb00000)
 Metaspace       used 8662K, capacity 9010K, committed 9088K, reserved 1056768K
  class space    used 998K, capacity 1133K, committed 1152K, reserved 1048576K
Event: 15.307 GC heap after
Heap after GC invocations=3 (full 0):
 PSYoungGen      total 18944K, used 2547K [0x00000000feb00000, 0x0000000100000000, 0x0000000100000000)
  eden space 16384K, 0% used [0x00000000feb00000,0x00000000feb00000,0x00000000ffb00000)
  from space 2560K, 99% used [0x00000000ffb00000,0x00000000ffd7cc10,0x00000000ffd80000)
  to   space 2560K, 0% used [0x00000000ffd80000,0x00000000ffd80000,0x0000000100000000)
 ParOldGen       total 44032K, used 6002K [0x00000000fc000000, 0x00000000feb00000, 0x00000000feb00000)
  object space 44032K, 13% used [0x00000000fc000000,0x00000000fc5dcaa0,0x00000000feb00000)
 Metaspace       used 8662K, capacity 9010K, committed 9088K, reserved 1056768K
  class space    used 998K, capacity 1133K, committed 1152K, reserved 1048576K
}

Deoptimization events (10 events):
Event: 13.674 Thread 0x0000000004924000 Uncommon trap: reason=class_check action=maybe_recompile pc=0x0000000004d8ffc8 method=org.objectweb.asm.ClassWriter.newConstItem(Ljava/lang/Object;)Lorg/objectweb/asm/Item; @ 1
Event: 13.674 Thread 0x0000000004924000 Uncommon trap: reason=class_check action=maybe_recompile pc=0x0000000004d8ffc8 method=org.objectweb.asm.ClassWriter.newConstItem(Ljava/lang/Object;)Lorg/objectweb/asm/Item; @ 1
Event: 14.846 Thread 0x0000000004924000 Uncommon trap: reason=unloaded action=reinterpret pc=0x0000000004d54d38 method=org.objectweb.asm.ClassReader.readConst(I[C)Ljava/lang/Object; @ 241
Event: 14.850 Thread 0x0000000004924000 Uncommon trap: reason=class_check action=maybe_recompile pc=0x0000000004d8ffc8 method=org.objectweb.asm.ClassWriter.newConstItem(Ljava/lang/Object;)Lorg/objectweb/asm/Item; @ 1
Event: 14.859 Thread 0x0000000004924000 Uncommon trap: reason=unstable_if action=reinterpret pc=0x0000000004d2a624 method=org.objectweb.asm.ClassReader.readUTF8(I[C)Ljava/lang/String; @ 7
Event: 14.860 Thread 0x0000000004924000 Uncommon trap: reason=unstable_if action=reinterpret pc=0x0000000004d5ff90 method=org.objectweb.asm.ClassReader.readField(Lorg/objectweb/asm/ClassVisitor;Lorg/objectweb/asm/Context;I)I @ 90
Event: 14.927 Thread 0x0000000004924000 Uncommon trap: reason=unstable_if action=reinterpret pc=0x0000000004de4310 method=org.objectweb.asm.ClassWriter.newConstItem(Ljava/lang/Object;)Lorg/objectweb/asm/Item; @ 117
Event: 15.279 Thread 0x0000000004924000 Uncommon trap: reason=unstable_if action=reinterpret pc=0x0000000004dee21c method=org.objectweb.asm.Type.getArgumentsAndReturnSizes(Ljava/lang/String;)I @ 118
Event: 15.728 Thread 0x0000000004924000 Uncommon trap: reason=unstable_if action=reinterpret pc=0x0000000004e22ef4 method=org.objectweb.asm.MethodWriter.visitVarInsn(II)V @ 130
Event: 15.806 Thread 0x0000000004924000 Uncommon trap: reason=unstable_if action=reinterpret pc=0x0000000004df11c4 method=java.lang.String.<init>([CII)V @ 18

Classes redefined (0 events):
No events

Internal exceptions (10 events):
Event: 15.776 Thread 0x0000000004924000 Exception <a 'sun/nio/fs/WindowsException'> (0x00000000fecb0658) thrown at [D:\src\AOSP-openjdk-cygwin\jdk8u\hotspot\src\share\vm\prims\jni.cpp, line 709]
Event: 15.778 Thread 0x0000000004924000 Exception <a 'sun/nio/fs/WindowsException'> (0x00000000fecb9330) thrown at [D:\src\AOSP-openjdk-cygwin\jdk8u\hotspot\src\share\vm\prims\jni.cpp, line 709]
Event: 15.790 Thread 0x0000000004924000 Exception <a 'sun/nio/fs/WindowsException'> (0x00000000fecc36f0) thrown at [D:\src\AOSP-openjdk-cygwin\jdk8u\hotspot\src\share\vm\prims\jni.cpp, line 709]
Event: 15.807 Thread 0x0000000004924000 Exception <a 'sun/nio/fs/WindowsException'> (0x00000000fecc8980) thrown at [D:\src\AOSP-openjdk-cygwin\jdk8u\hotspot\src\share\vm\prims\jni.cpp, line 709]
Event: 15.835 Thread 0x0000000004924000 Exception <a 'sun/nio/fs/WindowsException'> (0x00000000fecce450) thrown at [D:\src\AOSP-openjdk-cygwin\jdk8u\hotspot\src\share\vm\prims\jni.cpp, line 709]
Event: 15.836 Thread 0x0000000004924000 Exception <a 'sun/nio/fs/WindowsException'> (0x00000000feccec00) thrown at [D:\src\AOSP-openjdk-cygwin\jdk8u\hotspot\src\share\vm\prims\jni.cpp, line 709]
Event: 15.899 Thread 0x0000000004924000 Exception <a 'sun/nio/fs/WindowsException'> (0x00000000fecd8d60) thrown at [D:\src\AOSP-openjdk-cygwin\jdk8u\hotspot\src\share\vm\prims\jni.cpp, line 709]
Event: 15.924 Thread 0x0000000004924000 Exception <a 'sun/nio/fs/WindowsException'> (0x00000000fecef098) thrown at [D:\src\AOSP-openjdk-cygwin\jdk8u\hotspot\src\share\vm\prims\jni.cpp, line 709]
Event: 15.940 Thread 0x0000000004924000 Exception <a 'sun/nio/fs/WindowsException'> (0x00000000fed0ab00) thrown at [D:\src\AOSP-openjdk-cygwin\jdk8u\hotspot\src\share\vm\prims\jni.cpp, line 709]
Event: 15.943 Thread 0x0000000004924000 Exception <a 'sun/nio/fs/WindowsException'> (0x00000000fed130d0) thrown at [D:\src\AOSP-openjdk-cygwin\jdk8u\hotspot\src\share\vm\prims\jni.cpp, line 709]

Events (10 events):
Event: 15.397 loading class java/util/TreeMap$PrivateEntryIterator done
Event: 15.397 loading class java/util/TreeMap$KeyIterator done
Event: 15.398 loading class com/google/devtools/build/android/desugar/DefaultMethodClassFixer$InterfaceInitializationNecessityDetector$1
Event: 15.398 loading class com/google/devtools/build/android/desugar/DefaultMethodClassFixer$InterfaceInitializationNecessityDetector$1 done
Event: 15.728 Thread 0x0000000004924000 Uncommon trap: trap_request=0xffffff65 fr.pc=0x0000000004e22ef4
Event: 15.728 Thread 0x0000000004924000 DEOPT PACKING pc=0x0000000004e22ef4 sp=0x000000000491d820
Event: 15.728 Thread 0x0000000004924000 DEOPT UNPACKING pc=0x0000000004a6557b sp=0x000000000491d7c0 mode 2
Event: 15.806 Thread 0x0000000004924000 Uncommon trap: trap_request=0xffffff65 fr.pc=0x0000000004df11c4
Event: 15.806 Thread 0x0000000004924000 DEOPT PACKING pc=0x0000000004df11c4 sp=0x000000000491ea00
Event: 15.806 Thread 0x0000000004924000 DEOPT UNPACKING pc=0x0000000004a6557b sp=0x000000000491e8a8 mode 2


Dynamic libraries:
0x00007ff6633a0000 - 0x00007ff6633d1000 	C:\Program Files\Android\Android Studio1\jre\bin\java.exe
0x00007ff95a020000 - 0x00007ff95a200000 	C:\WINDOWS\SYSTEM32\ntdll.dll
0x00007ff959f10000 - 0x00007ff959fbe000 	C:\WINDOWS\System32\KERNEL32.DLL
0x00007ff957230000 - 0x00007ff957496000 	C:\WINDOWS\System32\KERNELBASE.dll
0x00007ff959af0000 - 0x00007ff959b91000 	C:\WINDOWS\System32\ADVAPI32.dll
0x00007ff959020000 - 0x00007ff9590bd000 	C:\WINDOWS\System32\msvcrt.dll
0x00007ff959e40000 - 0x00007ff959e9b000 	C:\WINDOWS\System32\sechost.dll
0x00007ff957ab0000 - 0x00007ff957bcf000 	C:\WINDOWS\System32\RPCRT4.dll
0x00007ff959ba0000 - 0x00007ff959d2f000 	C:\WINDOWS\System32\USER32.dll
0x00007ff9574a0000 - 0x00007ff9574c0000 	C:\WINDOWS\System32\win32u.dll
0x00007ff959920000 - 0x00007ff959948000 	C:\WINDOWS\System32\GDI32.dll
0x00007ff956f90000 - 0x00007ff957123000 	C:\WINDOWS\System32\gdi32full.dll
0x00007ff956b90000 - 0x00007ff956c2b000 	C:\WINDOWS\System32\msvcp_win.dll
0x00007ff957130000 - 0x00007ff957226000 	C:\WINDOWS\System32\ucrtbase.dll
0x00007ff947790000 - 0x00007ff9479f9000 	C:\WINDOWS\WinSxS\amd64_microsoft.windows.common-controls_6595b64144ccf1df_6.0.16299.431_none_15c7d3ee93659e73\COMCTL32.dll
0x00007ff957530000 - 0x00007ff957838000 	C:\WINDOWS\System32\combase.dll
0x00007ff956ce0000 - 0x00007ff956d52000 	C:\WINDOWS\System32\bcryptPrimitives.dll
0x00007ff957900000 - 0x00007ff95792d000 	C:\WINDOWS\System32\IMM32.DLL
0x0000000065e40000 - 0x0000000065f12000 	C:\Program Files\Android\Android Studio1\jre\jre\bin\msvcr100.dll
0x0000000066000000 - 0x000000006683f000 	C:\Program Files\Android\Android Studio1\jre\jre\bin\server\jvm.dll
0x00007ff957520000 - 0x00007ff957528000 	C:\WINDOWS\System32\PSAPI.DLL
0x00007ff9490b0000 - 0x00007ff9490d3000 	C:\WINDOWS\SYSTEM32\WINMM.dll
0x00007ff950110000 - 0x00007ff95011a000 	C:\WINDOWS\SYSTEM32\VERSION.dll
0x00007ff949070000 - 0x00007ff94909a000 	C:\WINDOWS\SYSTEM32\winmmbase.dll
0x00007ff954fb0000 - 0x00007ff954fb9000 	C:\WINDOWS\SYSTEM32\WSOCK32.dll
0x00007ff959ea0000 - 0x00007ff959f0c000 	C:\WINDOWS\System32\WS2_32.dll
0x00007ff956b40000 - 0x00007ff956b8a000 	C:\WINDOWS\System32\cfgmgr32.dll
0x00007ff94c590000 - 0x00007ff94c59f000 	C:\Program Files\Android\Android Studio1\jre\jre\bin\verify.dll
0x00007ff93b5f0000 - 0x00007ff93b619000 	C:\Program Files\Android\Android Studio1\jre\jre\bin\java.dll
0x00007ff93a3f0000 - 0x00007ff93a406000 	C:\Program Files\Android\Android Studio1\jre\jre\bin\zip.dll
0x00007ff957be0000 - 0x00007ff959018000 	C:\WINDOWS\System32\SHELL32.dll
0x00007ff957960000 - 0x00007ff957a06000 	C:\WINDOWS\System32\shcore.dll
0x00007ff9563f0000 - 0x00007ff956b37000 	C:\WINDOWS\System32\windows.storage.dll
0x00007ff957840000 - 0x00007ff957891000 	C:\WINDOWS\System32\shlwapi.dll
0x00007ff9563d0000 - 0x00007ff9563e1000 	C:\WINDOWS\System32\kernel.appcore.dll
0x00007ff956360000 - 0x00007ff9563ac000 	C:\WINDOWS\System32\powrprof.dll
0x00007ff956340000 - 0x00007ff95635b000 	C:\WINDOWS\System32\profapi.dll
0x00007ff955d40000 - 0x00007ff955d57000 	C:\WINDOWS\SYSTEM32\CRYPTSP.dll
0x00007ff955770000 - 0x00007ff9557a3000 	C:\WINDOWS\system32\rsaenh.dll
0x00007ff955e40000 - 0x00007ff955e65000 	C:\WINDOWS\SYSTEM32\bcrypt.dll
0x00007ff956240000 - 0x00007ff956269000 	C:\WINDOWS\SYSTEM32\USERENV.dll
0x00007ff955d30000 - 0x00007ff955d3b000 	C:\WINDOWS\SYSTEM32\CRYPTBASE.dll
0x00007ff936bd0000 - 0x00007ff936bea000 	C:\Program Files\Android\Android Studio1\jre\jre\bin\net.dll
0x00007ff955b70000 - 0x00007ff955bd6000 	C:\WINDOWS\system32\mswsock.dll
0x00007ff955900000 - 0x00007ff955939000 	C:\WINDOWS\SYSTEM32\IPHLPAPI.DLL
0x00007ff957bd0000 - 0x00007ff957bd8000 	C:\WINDOWS\System32\NSI.dll
0x00007ff94de00000 - 0x00007ff94de16000 	C:\WINDOWS\SYSTEM32\dhcpcsvc6.DLL
0x00007ff94e640000 - 0x00007ff94e65a000 	C:\WINDOWS\SYSTEM32\dhcpcsvc.DLL
0x00007ff936950000 - 0x00007ff936961000 	C:\Program Files\Android\Android Studio1\jre\jre\bin\nio.dll

VM Arguments:
jvm_args: -Djava.awt.headless=true -Xmx64M -Dfile.encoding=windows-1251 -Duser.country=RU -Duser.language=ru -Duser.variant 
java_command: com.google.devtools.build.android.desugar.Desugar --input C:\Users\Alexey\Desktop\CameraApp\app\build\intermediates\classes\debug --output C:\Users\Alexey\Desktop\CameraApp\app\build\intermediates\transforms\desugar\debug\0 --classpath_entry C:\Users\Alexey\Desktop\CameraApp\app\build\intermediates\classes\debug --classpath_entry C:\Users\Alexey\Desktop\CameraApp\app\build\intermediates\transforms\stackFramesFixer\debug\22.jar --classpath_entry C:\Users\Alexey\Desktop\CameraApp\app\build\intermediates\transforms\stackFramesFixer\debug\35.jar --classpath_entry C:\Users\Alexey\Desktop\CameraApp\app\build\intermediates\transforms\stackFramesFixer\debug\3.jar --classpath_entry C:\Users\Alexey\Desktop\CameraApp\app\build\intermediates\transforms\stackFramesFixer\debug\27.jar --classpath_entry C:\Users\Alexey\Desktop\CameraApp\app\build\intermediates\transforms\stackFramesFixer\debug\2.jar --classpath_entry C:\Users\Alexey\Desktop\CameraApp\app\build\intermediates\transforms\stackFramesFixer\debug\14.jar --classpath_entry C:\Users\Alexey\Desktop\CameraApp\app\build\intermediates\transforms\stackFramesFixer\debug\7.jar --classpath_entry C:\Users\Alexey\Desktop\CameraApp\app\build\intermediates\transforms\stackFramesFixer\debug\18.jar --classpath_entry C:\Users\Alexey\Desktop\CameraApp\app\build\intermediates\transforms\stackFramesFixer\debug\44.jar --classpath_entry C:\Users\Alexey\Desktop\CameraApp\app\build\intermediates\transforms\stackFramesFixer\debug\31.jar --classpath_entry C:\Users\Alexey\Desktop\CameraApp\app\build\intermediates\transforms\stackFramesFixer\debug\15.jar --classpath_entry C:\Users\Alexey\Desktop\CameraApp\app\build\intermediates\transforms\stackFramesFixer\debug\23.jar --classpath_entry C:\Users\Alexey\Desktop\CameraApp\app\build\intermediates\transforms\stackFramesFixer\debug\10.jar --classpath_entry C:\Users\Alexey\Desktop\CameraApp\app\build\intermediates\transforms\stackFramesFixer\debug\28.jar --classpath_entry C:\Users\Alexey\D
java_class_path (initial): C:\Users\Alexey\AppData\Local\Temp\desugar_deploy.jar7359187940139074991
Launcher Type: SUN_STANDARD

Environment Variables:
PATH=C:\Program Files (x86)\Intel\iCLS Client\;C:\Program Files\Intel\iCLS Client\;C:\Windows\system32;C:\Windows;C:\Windows\System32\Wbem;C:\Windows\System32\WindowsPowerShell\v1.0\;C:\Program Files (x86)\Intel\Intel(R) Management Engine Components\DAL;C:\Program Files\Intel\Intel(R) Management Engine Components\DAL;C:\Program Files (x86)\Intel\Intel(R) Management Engine Components\IPT;C:\Program Files\Intel\Intel(R) Management Engine Components\IPT;C:\WINDOWS\system32;C:\WINDOWS;C:\WINDOWS\System32\Wbem;C:\WINDOWS\System32\WindowsPowerShell\v1.0\;C:\Program Files (x86)\NVIDIA Corporation\PhysX\Common;C:\Program Files\Git\cmd;C:\Users\Alexey\AppData\Local\Microsoft\WindowsApps;C:\Users\Alexey\AppData\Local\Android\Sdk\platform-tools;
USERNAME=Алексей
OS=Windows_NT
PROCESSOR_IDENTIFIER=Intel64 Family 6 Model 142 Stepping 9, GenuineIntel



---------------  S Y S T E M  ---------------

OS: Windows 10.0 , 64 bit Build 16299 (10.0.16299.431)

CPU:total 4 (initial active 4) (2 cores per cpu, 2 threads per core) family 6 model 142 stepping 9, cmov, cx8, fxsr, mmx, sse, sse2, sse3, ssse3, sse4.1, sse4.2, popcnt, avx, avx2, aes, clmul, erms, 3dnowpref, lzcnt, ht, tsc, tscinvbit, bmi1, bmi2, adx

Memory: 4k page, physical 6169128k(374604k free), swap 8881704k(25204k free)

vm_info: OpenJDK 64-Bit Server VM (25.152-b02) for windows-amd64 JRE (1.8.0_152-release-1024-b02), built by "builder" with MS VC++ 10.0 (VS2010)

time: Wed May 30 18:02:10 2018
elapsed time: 16 seconds (0d 0h 0m 16s)

