#
# There is insufficient memory for the Java Runtime Environment to continue.
# Native memory allocation (malloc) failed to allocate 2606032 bytes for Chunk::new
# Possible reasons:
#   The system is out of physical RAM or swap space
#   In 32 bit mode, the process size limit was hit
# Possible solutions:
#   Reduce memory load on the system
#   Increase physical memory or swap space
#   Check if swap backing store is full
#   Use 64 bit Java on a 64 bit OS
#   Decrease Java heap size (-Xmx/-Xms)
#   Decrease number of Java threads
#   Decrease Java thread stack sizes (-Xss)
#   Set larger code cache with -XX:ReservedCodeCacheSize=
# This output file may be truncated or incomplete.
#
#  Out of Memory Error (allocation.cpp:390), pid=6152, tid=0x00000000000036bc
#
# JRE version: OpenJDK Runtime Environment (8.0_152-b02) (build 1.8.0_152-release-1024-b02)
# Java VM: OpenJDK 64-Bit Server VM (25.152-b02 mixed mode windows-amd64 compressed oops)
# Failed to write core dump. Minidumps are not enabled by default on client versions of Windows
#

---------------  T H R E A D  ---------------

Current thread (0x0000000014e2e000):  JavaThread "C2 CompilerThread0" daemon [_thread_in_native, id=14012, stack(0x0000000016490000,0x0000000016590000)]

Stack: [0x0000000016490000,0x0000000016590000]
[error occurred during error reporting (printing stack bounds), id 0xc0000005]

Native frames: (J=compiled Java code, j=interpreted, Vv=VM code, C=native code)


Current CompileTask:
C2:   4355 1021 %     4       org.objectweb.asm.ClassReader::readCode @ 1313 (3575 bytes)


---------------  P R O C E S S  ---------------

Java Threads: ( => current thread )
  0x00000000167b8800 JavaThread "Service Thread" daemon [_thread_blocked, id=5088, stack(0x0000000016b90000,0x0000000016c90000)]
  0x0000000014e35000 JavaThread "C1 CompilerThread2" daemon [_thread_blocked, id=10512, stack(0x0000000016690000,0x0000000016790000)]
  0x0000000014e32000 JavaThread "C2 CompilerThread1" daemon [_thread_in_native, id=944, stack(0x0000000016590000,0x0000000016690000)]
=>0x0000000014e2e000 JavaThread "C2 CompilerThread0" daemon [_thread_in_native, id=14012, stack(0x0000000016490000,0x0000000016590000)]
  0x0000000014e2d800 JavaThread "Attach Listener" daemon [_thread_blocked, id=13556, stack(0x0000000016390000,0x0000000016490000)]
  0x0000000014e3b800 JavaThread "Signal Dispatcher" daemon [_thread_blocked, id=2272, stack(0x0000000016290000,0x0000000016390000)]
  0x0000000014e1e000 JavaThread "Finalizer" daemon [_thread_blocked, id=4672, stack(0x0000000016080000,0x0000000016180000)]
  0x0000000004ac8000 JavaThread "Reference Handler" daemon [_thread_blocked, id=13152, stack(0x0000000015f80000,0x0000000016080000)]
  0x00000000049d4000 JavaThread "main" [_thread_in_native, id=12500, stack(0x00000000048d0000,0x00000000049d0000)]

Other Threads:
  0x0000000014df5000 VMThread [stack: 0x0000000015e80000,0x0000000015f80000] [id=7308]
  0x00000000167ba000 WatcherThread [stack: 0x0000000016c90000,0x0000000016d90000] [id=12436]

VM state:not at safepoint (normal execution)

VM Mutex/Monitor currently owned by a thread: None

Heap:
 PSYoungGen      total 18944K, used 7962K [0x00000000feb00000, 0x0000000100000000, 0x0000000100000000)
  eden space 16384K, 32% used [0x00000000feb00000,0x00000000ff047968,0x00000000ffb00000)
  from space 2560K, 99% used [0x00000000ffb00000,0x00000000ffd7efa0,0x00000000ffd80000)
  to   space 2560K, 0% used [0x00000000ffd80000,0x00000000ffd80000,0x0000000100000000)
 ParOldGen       total 44032K, used 5552K [0x00000000fc000000, 0x00000000feb00000, 0x00000000feb00000)
  object space 44032K, 12% used [0x00000000fc000000,0x00000000fc56c048,0x00000000feb00000)
 Metaspace       used 9044K, capacity 9412K, committed 9728K, reserved 1058816K
  class space    used 1040K, capacity 1176K, committed 1280K, reserved 1048576K

Card table byte_map: [0x0000000004740000,0x0000000004770000] byte_map_base: 0x0000000003f60000

Marking Bits: (ParMarkBitMap*) 0x00000000667c4970
 Begin Bits: [0x0000000014290000, 0x0000000014390000)
 End Bits:   [0x0000000014390000, 0x0000000014490000)

Polling page: 0x00000000030c0000

CodeCache: size=245760Kb used=4491Kb max_used=4511Kb free=241268Kb
 bounds [0x0000000004ad0000, 0x0000000004f40000, 0x0000000013ad0000]
 total_blobs=1560 nmethods=1227 adapters=246
 compilation: enabled

Compilation events (10 events):
Event: 4.227 Thread 0x0000000014e35000 nmethod 1224 0x0000000004f25490 code [0x0000000004f25660, 0x0000000004f25c78]
Event: 4.248 Thread 0x0000000014e35000 1225       1       sun.nio.ch.Util::access$000 (4 bytes)
Event: 4.248 Thread 0x0000000014e35000 nmethod 1225 0x0000000004f28550 code [0x0000000004f286a0, 0x0000000004f28790]
Event: 4.287 Thread 0x0000000014e32000 1226       4       org.objectweb.asm.ClassReader::readMethod (1126 bytes)
Event: 4.296 Thread 0x0000000014e35000 1227       3       com.google.devtools.build.android.desugar.InterfaceDesugaring::visitMethod (371 bytes)
Event: 4.302 Thread 0x0000000014e35000 nmethod 1227 0x0000000004f2b3d0 code [0x0000000004f2b880, 0x0000000004f2e7d8]
Event: 4.302 Thread 0x0000000014e35000 1229       3       com.google.common.collect.AbstractMultimap::containsEntry (34 bytes)
Event: 4.303 Thread 0x0000000014e35000 nmethod 1229 0x0000000004f27d10 code [0x0000000004f27ea0, 0x0000000004f283e8]
Event: 4.304 Thread 0x0000000014e35000 1230       3       org.objectweb.asm.AnnotationWriter::put (170 bytes)
Event: 4.305 Thread 0x0000000014e35000 nmethod 1230 0x0000000004f30190 code [0x0000000004f303a0, 0x0000000004f30c48]

GC Heap History (6 events):
Event: 0.897 GC heap before
{Heap before GC invocations=1 (full 0):
 PSYoungGen      total 18944K, used 16384K [0x00000000feb00000, 0x0000000100000000, 0x0000000100000000)
  eden space 16384K, 100% used [0x00000000feb00000,0x00000000ffb00000,0x00000000ffb00000)
  from space 2560K, 0% used [0x00000000ffd80000,0x00000000ffd80000,0x0000000100000000)
  to   space 2560K, 0% used [0x00000000ffb00000,0x00000000ffb00000,0x00000000ffd80000)
 ParOldGen       total 44032K, used 0K [0x00000000fc000000, 0x00000000feb00000, 0x00000000feb00000)
  object space 44032K, 0% used [0x00000000fc000000,0x00000000fc000000,0x00000000feb00000)
 Metaspace       used 6666K, capacity 6874K, committed 7040K, reserved 1056768K
  class space    used 791K, capacity 871K, committed 896K, reserved 1048576K
Event: 0.904 GC heap after
Heap after GC invocations=1 (full 0):
 PSYoungGen      total 18944K, used 2544K [0x00000000feb00000, 0x0000000100000000, 0x0000000100000000)
  eden space 16384K, 0% used [0x00000000feb00000,0x00000000feb00000,0x00000000ffb00000)
  from space 2560K, 99% used [0x00000000ffb00000,0x00000000ffd7c020,0x00000000ffd80000)
  to   space 2560K, 0% used [0x00000000ffd80000,0x00000000ffd80000,0x0000000100000000)
 ParOldGen       total 44032K, used 1479K [0x00000000fc000000, 0x00000000feb00000, 0x00000000feb00000)
  object space 44032K, 3% used [0x00000000fc000000,0x00000000fc171f10,0x00000000feb00000)
 Metaspace       used 6666K, capacity 6874K, committed 7040K, reserved 1056768K
  class space    used 791K, capacity 871K, committed 896K, reserved 1048576K
}
Event: 1.280 GC heap before
{Heap before GC invocations=2 (full 0):
 PSYoungGen      total 18944K, used 18928K [0x00000000feb00000, 0x0000000100000000, 0x0000000100000000)
  eden space 16384K, 100% used [0x00000000feb00000,0x00000000ffb00000,0x00000000ffb00000)
  from space 2560K, 99% used [0x00000000ffb00000,0x00000000ffd7c020,0x00000000ffd80000)
  to   space 2560K, 0% used [0x00000000ffd80000,0x00000000ffd80000,0x0000000100000000)
 ParOldGen       total 44032K, used 1479K [0x00000000fc000000, 0x00000000feb00000, 0x00000000feb00000)
  object space 44032K, 3% used [0x00000000fc000000,0x00000000fc171f10,0x00000000feb00000)
 Metaspace       used 7502K, capacity 7752K, committed 7936K, reserved 1056768K
  class space    used 881K, capacity 970K, committed 1024K, reserved 1048576K
Event: 1.286 GC heap after
Heap after GC invocations=2 (full 0):
 PSYoungGen      total 18944K, used 2555K [0x00000000feb00000, 0x0000000100000000, 0x0000000100000000)
  eden space 16384K, 0% used [0x00000000feb00000,0x00000000feb00000,0x00000000ffb00000)
  from space 2560K, 99% used [0x00000000ffd80000,0x00000000ffffefa0,0x0000000100000000)
  to   space 2560K, 0% used [0x00000000ffb00000,0x00000000ffb00000,0x00000000ffd80000)
 ParOldGen       total 44032K, used 5131K [0x00000000fc000000, 0x00000000feb00000, 0x00000000feb00000)
  object space 44032K, 11% used [0x00000000fc000000,0x00000000fc502d70,0x00000000feb00000)
 Metaspace       used 7502K, capacity 7752K, committed 7936K, reserved 1056768K
  class space    used 881K, capacity 970K, committed 1024K, reserved 1048576K
}
Event: 3.686 GC heap before
{Heap before GC invocations=3 (full 0):
 PSYoungGen      total 18944K, used 18939K [0x00000000feb00000, 0x0000000100000000, 0x0000000100000000)
  eden space 16384K, 100% used [0x00000000feb00000,0x00000000ffb00000,0x00000000ffb00000)
  from space 2560K, 99% used [0x00000000ffd80000,0x00000000ffffefa0,0x0000000100000000)
  to   space 2560K, 0% used [0x00000000ffb00000,0x00000000ffb00000,0x00000000ffd80000)
 ParOldGen       total 44032K, used 5131K [0x00000000fc000000, 0x00000000feb00000, 0x00000000feb00000)
  object space 44032K, 11% used [0x00000000fc000000,0x00000000fc502d70,0x00000000feb00000)
 Metaspace       used 8675K, capacity 9082K, committed 9344K, reserved 1056768K
  class space    used 987K, capacity 1133K, committed 1152K, reserved 1048576K
Event: 3.692 GC heap after
Heap after GC invocations=3 (full 0):
 PSYoungGen      total 18944K, used 2555K [0x00000000feb00000, 0x0000000100000000, 0x0000000100000000)
  eden space 16384K, 0% used [0x00000000feb00000,0x00000000feb00000,0x00000000ffb00000)
  from space 2560K, 99% used [0x00000000ffb00000,0x00000000ffd7efa0,0x00000000ffd80000)
  to   space 2560K, 0% used [0x00000000ffd80000,0x00000000ffd80000,0x0000000100000000)
 ParOldGen       total 44032K, used 5552K [0x00000000fc000000, 0x00000000feb00000, 0x00000000feb00000)
  object space 44032K, 12% used [0x00000000fc000000,0x00000000fc56c048,0x00000000feb00000)
 Metaspace       used 8675K, capacity 9082K, committed 9344K, reserved 1056768K
  class space    used 987K, capacity 1133K, committed 1152K, reserved 1048576K
}

Deoptimization events (10 events):
Event: 3.335 Thread 0x00000000049d4000 Uncommon trap: reason=unstable_if action=reinterpret pc=0x0000000004e0f690 method=org.objectweb.asm.ClassReader.readField(Lorg/objectweb/asm/ClassVisitor;Lorg/objectweb/asm/Context;I)I @ 90
Event: 3.492 Thread 0x00000000049d4000 Uncommon trap: reason=unstable_if action=reinterpret pc=0x0000000004ea1d50 method=org.objectweb.asm.ClassWriter.newConstItem(Ljava/lang/Object;)Lorg/objectweb/asm/Item; @ 117
Event: 3.565 Thread 0x00000000049d4000 Uncommon trap: reason=unstable_if action=reinterpret pc=0x0000000004cece7c method=java.util.HashMap.putVal(ILjava/lang/Object;Ljava/lang/Object;ZZ)Ljava/lang/Object; @ 181
Event: 3.888 Thread 0x00000000049d4000 Uncommon trap: reason=unstable_if action=reinterpret pc=0x0000000004eb507c method=org.objectweb.asm.MethodWriter.visitVarInsn(II)V @ 148
Event: 4.069 Thread 0x00000000049d4000 Uncommon trap: reason=unstable_if action=reinterpret pc=0x0000000004e9ed9c method=org.objectweb.asm.Type.getArgumentsAndReturnSizes(Ljava/lang/String;)I @ 118
Event: 4.132 Thread 0x00000000049d4000 Uncommon trap: reason=bimorphic action=maybe_recompile pc=0x0000000004cf7b34 method=java.util.HashMap.getNode(ILjava/lang/Object;)Ljava/util/HashMap$Node; @ 126
Event: 4.145 Thread 0x00000000049d4000 Uncommon trap: reason=bimorphic action=maybe_recompile pc=0x0000000004cf7b34 method=java.util.HashMap.getNode(ILjava/lang/Object;)Ljava/util/HashMap$Node; @ 126
Event: 4.147 Thread 0x00000000049d4000 Uncommon trap: reason=bimorphic action=maybe_recompile pc=0x0000000004cf7b34 method=java.util.HashMap.getNode(ILjava/lang/Object;)Ljava/util/HashMap$Node; @ 126
Event: 4.147 Thread 0x00000000049d4000 Uncommon trap: reason=bimorphic action=maybe_recompile pc=0x0000000004cf7b34 method=java.util.HashMap.getNode(ILjava/lang/Object;)Ljava/util/HashMap$Node; @ 126
Event: 4.161 Thread 0x00000000049d4000 Uncommon trap: reason=bimorphic action=maybe_recompile pc=0x0000000004ce71f8 method=java.util.HashMap.getNode(ILjava/lang/Object;)Ljava/util/HashMap$Node; @ 126

Classes redefined (0 events):
No events

Internal exceptions (10 events):
Event: 4.132 Thread 0x00000000049d4000 Exception <a 'sun/nio/fs/WindowsException'> (0x00000000fed90648) thrown at [D:\src\AOSP-openjdk-cygwin\jdk8u\hotspot\src\share\vm\prims\jni.cpp, line 709]
Event: 4.133 Thread 0x00000000049d4000 Exception <a 'sun/nio/fs/WindowsException'> (0x00000000fed98b08) thrown at [D:\src\AOSP-openjdk-cygwin\jdk8u\hotspot\src\share\vm\prims\jni.cpp, line 709]
Event: 4.144 Thread 0x00000000049d4000 Exception <a 'sun/nio/fs/WindowsException'> (0x00000000fed99dc8) thrown at [D:\src\AOSP-openjdk-cygwin\jdk8u\hotspot\src\share\vm\prims\jni.cpp, line 709]
Event: 4.146 Thread 0x00000000049d4000 Exception <a 'sun/nio/fs/WindowsException'> (0x00000000feda7230) thrown at [D:\src\AOSP-openjdk-cygwin\jdk8u\hotspot\src\share\vm\prims\jni.cpp, line 709]
Event: 4.148 Thread 0x00000000049d4000 Exception <a 'sun/nio/fs/WindowsException'> (0x00000000fedada08) thrown at [D:\src\AOSP-openjdk-cygwin\jdk8u\hotspot\src\share\vm\prims\jni.cpp, line 709]
Event: 4.160 Thread 0x00000000049d4000 Exception <a 'sun/nio/fs/WindowsException'> (0x00000000fedaefe0) thrown at [D:\src\AOSP-openjdk-cygwin\jdk8u\hotspot\src\share\vm\prims\jni.cpp, line 709]
Event: 4.169 Thread 0x00000000049d4000 Exception <a 'sun/nio/fs/WindowsException'> (0x00000000fee761e8) thrown at [D:\src\AOSP-openjdk-cygwin\jdk8u\hotspot\src\share\vm\prims\jni.cpp, line 709]
Event: 4.193 Thread 0x00000000049d4000 Exception <a 'sun/nio/fs/WindowsException'> (0x00000000fee8a0a0) thrown at [D:\src\AOSP-openjdk-cygwin\jdk8u\hotspot\src\share\vm\prims\jni.cpp, line 709]
Event: 4.227 Thread 0x00000000049d4000 Exception <a 'sun/nio/fs/WindowsException'> (0x00000000fef18538) thrown at [D:\src\AOSP-openjdk-cygwin\jdk8u\hotspot\src\share\vm\prims\jni.cpp, line 709]
Event: 4.304 Thread 0x00000000049d4000 Exception <a 'sun/nio/fs/WindowsException'> (0x00000000fefabd08) thrown at [D:\src\AOSP-openjdk-cygwin\jdk8u\hotspot\src\share\vm\prims\jni.cpp, line 709]

Events (10 events):
Event: 4.166 loading class java/util/TreeMap$Entry
Event: 4.167 loading class java/util/TreeMap$Entry done
Event: 4.167 loading class java/util/TreeMap$KeySet
Event: 4.167 loading class java/util/TreeMap$KeySet done
Event: 4.167 loading class java/util/TreeMap$KeyIterator
Event: 4.167 loading class java/util/TreeMap$PrivateEntryIterator
Event: 4.167 loading class java/util/TreeMap$PrivateEntryIterator done
Event: 4.167 loading class java/util/TreeMap$KeyIterator done
Event: 4.168 loading class com/google/devtools/build/android/desugar/DefaultMethodClassFixer$InterfaceInitializationNecessityDetector$1
Event: 4.168 loading class com/google/devtools/build/android/desugar/DefaultMethodClassFixer$InterfaceInitializationNecessityDetector$1 done


Dynamic libraries:
0x00007ff76f8e0000 - 0x00007ff76f911000 	C:\Program Files\Android\Android Studio1\jre\bin\java.exe
0x00007ff95a020000 - 0x00007ff95a200000 	C:\WINDOWS\SYSTEM32\ntdll.dll
0x00007ff959f10000 - 0x00007ff959fbe000 	C:\WINDOWS\System32\KERNEL32.DLL
0x00007ff957230000 - 0x00007ff957496000 	C:\WINDOWS\System32\KERNELBASE.dll
0x00007ff959af0000 - 0x00007ff959b91000 	C:\WINDOWS\System32\ADVAPI32.dll
0x00007ff959020000 - 0x00007ff9590bd000 	C:\WINDOWS\System32\msvcrt.dll
0x00007ff959e40000 - 0x00007ff959e9b000 	C:\WINDOWS\System32\sechost.dll
0x00007ff957ab0000 - 0x00007ff957bcf000 	C:\WINDOWS\System32\RPCRT4.dll
0x00007ff959ba0000 - 0x00007ff959d2f000 	C:\WINDOWS\System32\USER32.dll
0x00007ff9574a0000 - 0x00007ff9574c0000 	C:\WINDOWS\System32\win32u.dll
0x00007ff959920000 - 0x00007ff959948000 	C:\WINDOWS\System32\GDI32.dll
0x00007ff956f90000 - 0x00007ff957123000 	C:\WINDOWS\System32\gdi32full.dll
0x00007ff956b90000 - 0x00007ff956c2b000 	C:\WINDOWS\System32\msvcp_win.dll
0x00007ff957130000 - 0x00007ff957226000 	C:\WINDOWS\System32\ucrtbase.dll
0x00007ff947790000 - 0x00007ff9479f9000 	C:\WINDOWS\WinSxS\amd64_microsoft.windows.common-controls_6595b64144ccf1df_6.0.16299.431_none_15c7d3ee93659e73\COMCTL32.dll
0x00007ff957530000 - 0x00007ff957838000 	C:\WINDOWS\System32\combase.dll
0x00007ff956ce0000 - 0x00007ff956d52000 	C:\WINDOWS\System32\bcryptPrimitives.dll
0x00007ff957900000 - 0x00007ff95792d000 	C:\WINDOWS\System32\IMM32.DLL
0x0000000065e40000 - 0x0000000065f12000 	C:\Program Files\Android\Android Studio1\jre\jre\bin\msvcr100.dll
0x0000000066000000 - 0x000000006683f000 	C:\Program Files\Android\Android Studio1\jre\jre\bin\server\jvm.dll
0x00007ff957520000 - 0x00007ff957528000 	C:\WINDOWS\System32\PSAPI.DLL
0x00007ff950110000 - 0x00007ff95011a000 	C:\WINDOWS\SYSTEM32\VERSION.dll
0x00007ff954fb0000 - 0x00007ff954fb9000 	C:\WINDOWS\SYSTEM32\WSOCK32.dll
0x00007ff9490b0000 - 0x00007ff9490d3000 	C:\WINDOWS\SYSTEM32\WINMM.dll
0x00007ff959ea0000 - 0x00007ff959f0c000 	C:\WINDOWS\System32\WS2_32.dll
0x00007ff949070000 - 0x00007ff94909a000 	C:\WINDOWS\SYSTEM32\winmmbase.dll
0x00007ff956b40000 - 0x00007ff956b8a000 	C:\WINDOWS\System32\cfgmgr32.dll
0x00007ff950520000 - 0x00007ff95052f000 	C:\Program Files\Android\Android Studio1\jre\jre\bin\verify.dll
0x00007ff94c310000 - 0x00007ff94c339000 	C:\Program Files\Android\Android Studio1\jre\jre\bin\java.dll
0x00007ff949330000 - 0x00007ff949346000 	C:\Program Files\Android\Android Studio1\jre\jre\bin\zip.dll
0x00007ff957be0000 - 0x00007ff959018000 	C:\WINDOWS\System32\SHELL32.dll
0x00007ff957960000 - 0x00007ff957a06000 	C:\WINDOWS\System32\shcore.dll
0x00007ff9563f0000 - 0x00007ff956b37000 	C:\WINDOWS\System32\windows.storage.dll
0x00007ff957840000 - 0x00007ff957891000 	C:\WINDOWS\System32\shlwapi.dll
0x00007ff9563d0000 - 0x00007ff9563e1000 	C:\WINDOWS\System32\kernel.appcore.dll
0x00007ff956360000 - 0x00007ff9563ac000 	C:\WINDOWS\System32\powrprof.dll
0x00007ff956340000 - 0x00007ff95635b000 	C:\WINDOWS\System32\profapi.dll
0x00007ff955d40000 - 0x00007ff955d57000 	C:\WINDOWS\SYSTEM32\CRYPTSP.dll
0x00007ff955770000 - 0x00007ff9557a3000 	C:\WINDOWS\system32\rsaenh.dll
0x00007ff955e40000 - 0x00007ff955e65000 	C:\WINDOWS\SYSTEM32\bcrypt.dll
0x00007ff956240000 - 0x00007ff956269000 	C:\WINDOWS\SYSTEM32\USERENV.dll
0x00007ff955d30000 - 0x00007ff955d3b000 	C:\WINDOWS\SYSTEM32\CRYPTBASE.dll
0x00007ff943850000 - 0x00007ff94386a000 	C:\Program Files\Android\Android Studio1\jre\jre\bin\net.dll
0x00007ff955b70000 - 0x00007ff955bd6000 	C:\WINDOWS\system32\mswsock.dll
0x00007ff955900000 - 0x00007ff955939000 	C:\WINDOWS\SYSTEM32\IPHLPAPI.DLL
0x00007ff957bd0000 - 0x00007ff957bd8000 	C:\WINDOWS\System32\NSI.dll
0x00007ff94de00000 - 0x00007ff94de16000 	C:\WINDOWS\SYSTEM32\dhcpcsvc6.DLL
0x00007ff94e640000 - 0x00007ff94e65a000 	C:\WINDOWS\SYSTEM32\dhcpcsvc.DLL
0x00007ff940260000 - 0x00007ff940271000 	C:\Program Files\Android\Android Studio1\jre\jre\bin\nio.dll

VM Arguments:
jvm_args: -Djava.awt.headless=true -Xmx64M -Dfile.encoding=windows-1251 -Duser.country=RU -Duser.language=ru -Duser.variant 
java_command: com.google.devtools.build.android.desugar.Desugar --input C:\Users\Alexey\Desktop\CameraApp\app\build\intermediates\classes\debug --output C:\Users\Alexey\Desktop\CameraApp\app\build\intermediates\transforms\desugar\debug\0 --classpath_entry C:\Users\Alexey\Desktop\CameraApp\app\build\intermediates\classes\debug --classpath_entry C:\Users\Alexey\Desktop\CameraApp\app\build\intermediates\transforms\stackFramesFixer\debug\22.jar --classpath_entry C:\Users\Alexey\Desktop\CameraApp\app\build\intermediates\transforms\stackFramesFixer\debug\35.jar --classpath_entry C:\Users\Alexey\Desktop\CameraApp\app\build\intermediates\transforms\stackFramesFixer\debug\3.jar --classpath_entry C:\Users\Alexey\Desktop\CameraApp\app\build\intermediates\transforms\stackFramesFixer\debug\27.jar --classpath_entry C:\Users\Alexey\Desktop\CameraApp\app\build\intermediates\transforms\stackFramesFixer\debug\2.jar --classpath_entry C:\Users\Alexey\Desktop\CameraApp\app\build\intermediates\transforms\stackFramesFixer\debug\14.jar --classpath_entry C:\Users\Alexey\Desktop\CameraApp\app\build\intermediates\transforms\stackFramesFixer\debug\7.jar --classpath_entry C:\Users\Alexey\Desktop\CameraApp\app\build\intermediates\transforms\stackFramesFixer\debug\18.jar --classpath_entry C:\Users\Alexey\Desktop\CameraApp\app\build\intermediates\transforms\stackFramesFixer\debug\31.jar --classpath_entry C:\Users\Alexey\Desktop\CameraApp\app\build\intermediates\transforms\stackFramesFixer\debug\15.jar --classpath_entry C:\Users\Alexey\Desktop\CameraApp\app\build\intermediates\transforms\stackFramesFixer\debug\23.jar --classpath_entry C:\Users\Alexey\Desktop\CameraApp\app\build\intermediates\transforms\stackFramesFixer\debug\10.jar --classpath_entry C:\Users\Alexey\Desktop\CameraApp\app\build\intermediates\transforms\stackFramesFixer\debug\28.jar --classpath_entry C:\Users\Alexey\Desktop\CameraApp\app\build\intermediates\transforms\stackFramesFixer\debug\40.jar --classpath_entry C:\Users\Alexey\D
java_class_path (initial): C:\Users\Alexey\AppData\Local\Temp\desugar_deploy.jar6363633480682720282
Launcher Type: SUN_STANDARD

Environment Variables:
PATH=C:\Program Files (x86)\Intel\iCLS Client\;C:\Program Files\Intel\iCLS Client\;C:\Windows\system32;C:\Windows;C:\Windows\System32\Wbem;C:\Windows\System32\WindowsPowerShell\v1.0\;C:\Program Files (x86)\Intel\Intel(R) Management Engine Components\DAL;C:\Program Files\Intel\Intel(R) Management Engine Components\DAL;C:\Program Files (x86)\Intel\Intel(R) Management Engine Components\IPT;C:\Program Files\Intel\Intel(R) Management Engine Components\IPT;C:\WINDOWS\system32;C:\WINDOWS;C:\WINDOWS\System32\Wbem;C:\WINDOWS\System32\WindowsPowerShell\v1.0\;C:\Program Files (x86)\NVIDIA Corporation\PhysX\Common;C:\Program Files\Git\cmd;C:\Users\Alexey\AppData\Local\Microsoft\WindowsApps;C:\Users\Alexey\AppData\Local\Android\Sdk\platform-tools;
USERNAME=Алексей
OS=Windows_NT
PROCESSOR_IDENTIFIER=Intel64 Family 6 Model 142 Stepping 9, GenuineIntel



---------------  S Y S T E M  ---------------

OS: Windows 10.0 , 64 bit Build 16299 (10.0.16299.431)

CPU:total 4 (initial active 4) (2 cores per cpu, 2 threads per core) family 6 model 142 stepping 9, cmov, cx8, fxsr, mmx, sse, sse2, sse3, ssse3, sse4.1, sse4.2, popcnt, avx, avx2, aes, clmul, erms, 3dnowpref, lzcnt, ht, tsc, tscinvbit, bmi1, bmi2, adx

Memory: 4k page, physical 6169128k(265452k free), swap 8881704k(2848k free)

vm_info: OpenJDK 64-Bit Server VM (25.152-b02) for windows-amd64 JRE (1.8.0_152-release-1024-b02), built by "builder" with MS VC++ 10.0 (VS2010)

time: Tue May 29 22:22:40 2018
elapsed time: 4 seconds (0d 0h 0m 4s)

